<?xml version="1.0" encoding="UTF-8"?>
<testng-results ignored="0" total="1" passed="1" failed="0" skipped="0">
  <reporter-output>
  </reporter-output>
  <suite started-at="2023-06-09T13:27:22 IST" name="Suite" finished-at="2023-06-09T13:27:40 IST" duration-ms="17755">
    <groups>
      <group name="cucumber">
        <method signature="AbstractTestNGCucumberTests.runScenario(io.cucumber.testng.PickleWrapper,io.cucumber.testng.FeatureWrapper)[pri:0, instance:oHRMStepDefinitions.TestRunnerOH@47e2e487]" name="runScenario" class="io.cucumber.testng.AbstractTestNGCucumberTests"/>
      </group> <!-- cucumber -->
    </groups>
    <test started-at="2023-06-09T13:27:22 IST" name="ExtentReport5 for Cucumber" finished-at="2023-06-09T13:27:40 IST" duration-ms="17755">
      <class name="oHRMStepDefinitions.TestRunnerOH">
        <test-method is-config="true" signature="setUpClass()[pri:0, instance:oHRMStepDefinitions.TestRunnerOH@47e2e487]" started-at="2023-06-09T13:27:22 IST" name="setUpClass" finished-at="2023-06-09T13:27:23 IST" duration-ms="717" status="PASS">
          <reporter-output>
          </reporter-output>
        </test-method> <!-- setUpClass -->
        <test-method signature="runScenario(io.cucumber.testng.PickleWrapper,io.cucumber.testng.FeatureWrapper)[pri:0, instance:oHRMStepDefinitions.TestRunnerOH@47e2e487]" started-at="2023-06-09T13:27:23 IST" name="runScenario" description="Runs Cucumber Scenarios" data-provider="scenarios" finished-at="2023-06-09T13:27:39 IST" duration-ms="16627" status="PASS">
          <params>
            <param index="0">
              <value>
                <![CDATA["Check login is successfull with valid credential"]]>
              </value>
            </param>
            <param index="1">
              <value>
                <![CDATA["Optional[Test login Functionality of OrangeHRM]"]]>
              </value>
            </param>
          </params>
          <reporter-output>
          </reporter-output>
        </test-method> <!-- runScenario -->
        <test-method is-config="true" signature="tearDownClass()[pri:0, instance:oHRMStepDefinitions.TestRunnerOH@47e2e487]" started-at="2023-06-09T13:27:39 IST" name="tearDownClass" finished-at="2023-06-09T13:27:40 IST" duration-ms="372" status="PASS">
          <reporter-output>
          </reporter-output>
        </test-method> <!-- tearDownClass -->
      </class> <!-- oHRMStepDefinitions.TestRunnerOH -->
    </test> <!-- ExtentReport5 for Cucumber -->
  </suite> <!-- Suite -->
</testng-results>
